<?xml version="1.0" encoding="UTF-8"?>
<!-- Generated by org.testng.reporters.JUnitReportReporter -->
<testsuite hostname="SkyNet" failures="0" tests="1" name="com.test.applications.SearchFuncValidation" time="3.488" errors="0" timestamp="2022-04-22T18:53:59 EDT" skipped="0">
  <testcase classname="com.test.applications.SearchFuncValidation" name="testFunction" time="3.488"/>
  <system-out/>
</testsuite> <!-- com.test.applications.SearchFuncValidation -->
